<?xml version="1.0" encoding="UTF-8"?>
<testng-results ignored="0" total="4" passed="4" failed="0" skipped="0">
  <reporter-output>
  </reporter-output>
  <suite started-at="2023-04-09T15:36:15Z" name="Default suite" finished-at="2023-04-09T15:36:39Z" duration-ms="24679">
    <groups>
    </groups>
    <test started-at="2023-04-09T15:36:15Z" name="Default test" finished-at="2023-04-09T15:36:39Z" duration-ms="24679">
      <class name="testcases.TestingXSS">
        <test-method is-config="true" signature="open_browser()[pri:0, instance:testcases.TestingXSS@63611043]" started-at="2023-04-09T15:36:15Z" name="open_browser" finished-at="2023-04-09T15:36:16Z" duration-ms="989" status="PASS">
          <reporter-output>
          </reporter-output>
        </test-method> <!-- open_browser -->
        <test-method signature="canGetWebapp()[pri:0, instance:testcases.TestingXSS@63611043]" started-at="2023-04-09T15:36:16Z" name="canGetWebapp" finished-at="2023-04-09T15:36:16Z" duration-ms="502" status="PASS">
          <reporter-output>
          </reporter-output>
        </test-method> <!-- canGetWebapp -->
        <test-method signature="first_test()[pri:0, instance:testcases.TestingXSS@63611043]" started-at="2023-04-09T15:36:16Z" name="first_test" finished-at="2023-04-09T15:36:24Z" duration-ms="7402" status="PASS">
          <reporter-output>
          </reporter-output>
        </test-method> <!-- first_test -->
        <test-method signature="refXSS()[pri:0, instance:testcases.TestingXSS@63611043]" started-at="2023-04-09T15:36:24Z" name="refXSS" finished-at="2023-04-09T15:36:24Z" duration-ms="1" status="PASS">
          <reporter-output>
          </reporter-output>
        </test-method> <!-- refXSS -->
        <test-method signature="storedXSS()[pri:0, instance:testcases.TestingXSS@63611043]" started-at="2023-04-09T15:36:24Z" name="storedXSS" finished-at="2023-04-09T15:36:39Z" duration-ms="15761" status="PASS">
          <reporter-output>
          </reporter-output>
        </test-method> <!-- storedXSS -->
        <test-method is-config="true" signature="close_browser()[pri:0, instance:testcases.TestingXSS@63611043]" started-at="2023-04-09T15:36:39Z" name="close_browser" finished-at="2023-04-09T15:36:39Z" duration-ms="1" status="PASS">
          <reporter-output>
          </reporter-output>
        </test-method> <!-- close_browser -->
      </class> <!-- testcases.TestingXSS -->
    </test> <!-- Default test -->
  </suite> <!-- Default suite -->
</testng-results>
