<?xml version="1.0" encoding="UTF-8"?>
<!-- Generated by org.testng.reporters.JUnitXMLReporter -->
<testsuite ignored="0" hostname="LAPTOP-195HFNCL" failures="0" tests="4" name="Default test" time="24.679" errors="0" timestamp="09 Apr 2023 15:36:39 GMT">
  <testcase classname="testcases.TestingXSS" name="canGetWebapp" time="0.502"/>
  <testcase classname="testcases.TestingXSS" name="first_test" time="7.402"/>
  <testcase classname="testcases.TestingXSS" name="refXSS" time="0.001"/>
  <testcase classname="testcases.TestingXSS" name="storedXSS" time="15.761"/>
</testsuite> <!-- Default test -->
